Arguments: 
  /Users/achyut/.volta/tools/image/node/14.15.4/bin/node /Users/achyut/.volta/tools/image/yarn/1.22.10/bin/yarn.js --network-timeout 100000

PATH: 
  /Users/achyut/.volta/tools/image/npm/7.10.0/bin:/Users/achyut/.volta/tools/image/yarn/1.22.10/bin:/Users/achyut/.volta/tools/image/node/14.15.4/bin:/Users/achyut/.sdkman/candidates/micronaut/current/bin:/Users/achyut/.sdkman/candidates/gradle/current/bin:/Users/achyut/.volta/bin:/opt/homebrew/opt/openvpn/sbin:/opt/homebrew/opt/openssl@1.1/bin:/opt/homebrew/bin:/usr/local/bin:/usr/local/bin:/usr/bin:/bin:/usr/sbin:/sbin

Yarn version: 
  1.22.10

Node version: 
  14.15.4

Platform: 
  darwin x64

Trace: 
  Error: https://registry.yarnpkg.com/react: tunneling socket could not be established, cause=connect ECONNREFUSED 127.0.0.1:80
      at ClientRequest.onError (/Users/achyut/.volta/tools/image/yarn/1.22.10/lib/cli.js:152235:17)
      at Object.onceWrapper (events.js:422:26)
      at ClientRequest.emit (events.js:315:20)
      at Socket.socketErrorListener (_http_client.js:469:9)
      at Socket.emit (events.js:315:20)
      at emitErrorNT (internal/streams/destroy.js:106:8)
      at emitErrorCloseNT (internal/streams/destroy.js:74:3)
      at processTicksAndRejections (internal/process/task_queues.js:80:21)

npm manifest: 
  {
    "name": "image-annotation",
    "version": "1.0.0",
    "description": "",
    "main": "index.js",
    "scripts": {
      "start:dev": "webpack --watch",
      "build": "webpack",
      "lint": "eslint lib/**; exit 0",
      "lint:watch": "esw -w lib/**",
      "prepublish": "npm run build"
    },
    "repository": {
      "type": "git",
      "url": "git+https://github.com/lf-achyutpkl/image-annotation.git"
    },
    "author": "",
    "license": "ISC",
    "bugs": {
      "url": "https://github.com/lf-achyutpkl/image-annotation/issues"
    },
    "homepage": "https://github.com/lf-achyutpkl/image-annotation#readme",
    "dependencies": {
      "react": "^16.2.0",
      "react-dom": "^16.2.0",
      "fabric": "1.6.4"
    },
    "devDependencies": {
      "babel-core": "^6.26.0",
      "babel-loader": "^7.1.2",
      "babel-plugin-transform-object-rest-spread": "^6.26.0",
      "babel-preset-es2015": "^6.24.1",
      "babel-preset-react": "^6.24.1",
      "webpack": "^3.10.0",
      "webpack-dev-server": "^2.11.1"
    }
  }

yarn manifest: 
  No manifest

Lockfile: 
  No lockfile
